[00:45:41.794][info] [#0:/Users/alanalo/.vscode/extensions/nightrains.robloxlsp-1.6.8/server/main.lua:54]: Lua Lsp startup, root: 	/Users/alanalo/.vscode/extensions/nightrains.robloxlsp-1.6.8/server
[00:45:41.795][debug][#0:/Users/alanalo/.vscode/extensions/nightrains.robloxlsp-1.6.8/server/main.lua:55]: ROOT:	/Users/alanalo/.vscode/extensions/nightrains.robloxlsp-1.6.8/server
[00:45:41.796][debug][#0:/Users/alanalo/.vscode/extensions/nightrains.robloxlsp-1.6.8/server/main.lua:56]: LOGPATH:	.vscode/roblox-lsp.log,--loglevel=information
[00:45:41.796][debug][#0:/Users/alanalo/.vscode/extensions/nightrains.robloxlsp-1.6.8/server/main.lua:57]: METAPATH:	/Users/alanalo/.vscode/extensions/nightrains.robloxlsp-1.6.8/server/meta
[00:45:41.964][info] [#0:script/pub/pub.lua:48]: Create brave:	1
[00:45:41.964][info] [#0:script/pub/pub.lua:48]: Create brave:	2
[00:45:41.964][info] [#0:script/pub/pub.lua:48]: Create brave:	3
[00:45:41.964][info] [#0:script/pub/pub.lua:48]: Create brave:	4
[00:45:41.964][debug][#0:script/service/service.lua:136]: 
========= Medical Examination Report =========
    --------------- Memory ---------------
        Total: 1.878 MB
        # 00 : 1.878 MB
        # 01 : 0.000 MB
        # 02 : 0.000 MB
        # 03 : 0.000 MB
        # 04 : 0.000 MB
    --------------- Coroutine ---------------
        Total:     0
        Running:   0
        Suspended: 0
        Normal:    0
        Dead:      0
    --------------- Cache ---------------
        Total: 1
        Dead:  0
    --------------- Proto ---------------
        Holdon:   0
        Waiting:  0
==============================================
[00:45:42.041][debug][#0:script/provider/client.lua:73]: Client init	{
    capabilities = {
        general = {
            markdown = {
                parser = "marked",
                version = "1.1.0",
            },
            positionEncodings = {
                [1] = "utf-16",
            },
            regularExpressions = {
                engine = "ECMAScript",
                version = "ES2020",
            },
            staleRequestSupport = {
                cancel = true,
                retryOnContentModified = {
                    [1] = "textDocument/semanticTokens/full",
                    [2] = "textDocument/semanticTokens/range",
                    [3] = "textDocument/semanticTokens/full/delta",
                },
            },
        },
        notebookDocument = {
            synchronization = {
                dynamicRegistration = true,
                executionSummarySupport = true,
            },
        },
        textDocument = {
            callHierarchy = {
                dynamicRegistration = true,
            },
            codeAction = {
                codeActionLiteralSupport = {
                    codeActionKind = {
                        valueSet = {
                            [1] = "",
                            [2] = "quickfix",
                            [3] = "refactor",
                            [4] = "refactor.extract",
                            [5] = "refactor.inline",
                            [6] = "refactor.rewrite",
                            [7] = "source",
                            [8] = "source.organizeImports",
                        },
                    },
                },
                dataSupport = true,
                disabledSupport = true,
                dynamicRegistration = true,
                honorsChangeAnnotations = false,
                isPreferredSupport = true,
                resolveSupport = {
                    properties = {
                        [1] = "edit",
                    },
                },
            },
            codeLens = {
                dynamicRegistration = true,
            },
            colorProvider = {
                dynamicRegistration = true,
            },
            completion = {
                completionItem = {
                    commitCharactersSupport = true,
                    deprecatedSupport = true,
                    documentationFormat = {
                        [1] = "markdown",
                        [2] = "plaintext",
                    },
                    insertReplaceSupport = true,
                    insertTextModeSupport = {
                        valueSet = {
                            [1] = 1,
                            [2] = 2,
                        },
                    },
                    labelDetailsSupport = true,
                    preselectSupport = true,
                    resolveSupport = {
                        properties = {
                            [1] = "documentation",
                            [2] = "detail",
                            [3] = "additionalTextEdits",
                        },
                    },
                    snippetSupport = true,
                    tagSupport = {
                        valueSet = {
                            [1] = 1,
                        },
                    },
                },
                completionItemKind = {
                    valueSet = {
                        [01] = 1,
                        [02] = 2,
                        [03] = 3,
                        [04] = 4,
                        [05] = 5,
                        [06] = 6,
                        [07] = 7,
                        [08] = 8,
                        [09] = 9,
                        [10] = 10,
                        [11] = 11,
                        [12] = 12,
                        [13] = 13,
                        [14] = 14,
                        [15] = 15,
                        [16] = 16,
                        [17] = 17,
                        [18] = 18,
                        [19] = 19,
                        [20] = 20,
                        [21] = 21,
                        [22] = 22,
                        [23] = 23,
                        [24] = 24,
                        [25] = 25,
                    },
                },
                completionList = {
                    itemDefaults = {
                        [1] = "commitCharacters",
                        [2] = "editRange",
                        [3] = "insertTextFormat",
                        [4] = "insertTextMode",
                    },
                },
                contextSupport = true,
                dynamicRegistration = true,
                insertTextMode = 2,
            },
            declaration = {
                dynamicRegistration = true,
                linkSupport = true,
            },
            definition = {
                dynamicRegistration = true,
                linkSupport = true,
            },
            diagnostic = {
                dynamicRegistration = true,
                relatedDocumentSupport = false,
            },
            documentHighlight = {
                dynamicRegistration = true,
            },
            documentLink = {
                dynamicRegistration = true,
                tooltipSupport = true,
            },
            documentSymbol = {
                dynamicRegistration = true,
                hierarchicalDocumentSymbolSupport = true,
                labelSupport = true,
                symbolKind = {
                    valueSet = {
                        [01] = 1,
                        [02] = 2,
                        [03] = 3,
                        [04] = 4,
                        [05] = 5,
                        [06] = 6,
                        [07] = 7,
                        [08] = 8,
                        [09] = 9,
                        [10] = 10,
                        [11] = 11,
                        [12] = 12,
                        [13] = 13,
                        [14] = 14,
                        [15] = 15,
                        [16] = 16,
                        [17] = 17,
                        [18] = 18,
                        [19] = 19,
                        [20] = 20,
                        [21] = 21,
                        [22] = 22,
                        [23] = 23,
                        [24] = 24,
                        [25] = 25,
                        [26] = 26,
                    },
                },
                tagSupport = {
                    valueSet = {
                        [1] = 1,
                    },
                },
            },
            foldingRange = {
                dynamicRegistration = true,
                foldingRange = {
                    collapsedText = false,
                },
                foldingRangeKind = {
                    valueSet = {
                        [1] = "comment",
                        [2] = "imports",
                        [3] = "region",
                    },
                },
                lineFoldingOnly = true,
                rangeLimit = 5000,
            },
            formatting = {
                dynamicRegistration = true,
            },
            hover = {
                contentFormat = {
                    [1] = "markdown",
                    [2] = "plaintext",
                },
                dynamicRegistration = true,
            },
            implementation = {
                dynamicRegistration = true,
                linkSupport = true,
            },
            inlayHint = {
                dynamicRegistration = true,
                resolveSupport = {
                    properties = {
                        [1] = "tooltip",
                        [2] = "textEdits",
                        [3] = "label.tooltip",
                        [4] = "label.location",
                        [5] = "label.command",
                    },
                },
            },
            inlineValue = {
                dynamicRegistration = true,
            },
            linkedEditingRange = {
                dynamicRegistration = true,
            },
            onTypeFormatting = {
                dynamicRegistration = true,
            },
            publishDiagnostics = {
                codeDescriptionSupport = true,
                dataSupport = true,
                relatedInformation = true,
                tagSupport = {
                    valueSet = {
                        [1] = 1,
                        [2] = 2,
                    },
                },
                versionSupport = false,
            },
            rangeFormatting = {
                dynamicRegistration = true,
            },
            references = {
                dynamicRegistration = true,
            },
            rename = {
                dynamicRegistration = true,
                honorsChangeAnnotations = true,
                prepareSupport = true,
                prepareSupportDefaultBehavior = 1,
            },
            selectionRange = {
                dynamicRegistration = true,
            },
            semanticTokens = {
                augmentsSyntaxTokens = true,
                dynamicRegistration = true,
                formats = {
                    [1] = "relative",
                },
                multilineTokenSupport = false,
                overlappingTokenSupport = false,
                requests = {
                    full = {
                        delta = true,
                    },
                    range = true,
                },
                serverCancelSupport = true,
                tokenModifiers = {
                    [01] = "declaration",
                    [02] = "definition",
                    [03] = "readonly",
                    [04] = "static",
                    [05] = "deprecated",
                    [06] = "abstract",
                    [07] = "async",
                    [08] = "modification",
                    [09] = "documentation",
                    [10] = "defaultLibrary",
                },
                tokenTypes = {
                    [01] = "namespace",
                    [02] = "type",
                    [03] = "class",
                    [04] = "enum",
                    [05] = "interface",
                    [06] = "struct",
                    [07] = "typeParameter",
                    [08] = "parameter",
                    [09] = "variable",
                    [10] = "property",
                    [11] = "enumMember",
                    [12] = "event",
                    [13] = "function",
                    [14] = "method",
                    [15] = "macro",
                    [16] = "keyword",
                    [17] = "modifier",
                    [18] = "comment",
                    [19] = "string",
                    [20] = "number",
                    [21] = "regexp",
                    [22] = "operator",
                    [23] = "decorator",
                },
            },
            signatureHelp = {
                contextSupport = true,
                dynamicRegistration = true,
                signatureInformation = {
                    activeParameterSupport = true,
                    documentationFormat = {
                        [1] = "markdown",
                        [2] = "plaintext",
                    },
                    parameterInformation = {
                        labelOffsetSupport = true,
                    },
                },
            },
            synchronization = {
                didSave = true,
                dynamicRegistration = true,
                willSave = true,
                willSaveWaitUntil = true,
            },
            typeDefinition = {
                dynamicRegistration = true,
                linkSupport = true,
            },
            typeHierarchy = {
                dynamicRegistration = true,
            },
        },
        window = {
            showDocument = {
                support = true,
            },
            showMessage = {
                messageActionItem = {
                    additionalPropertiesSupport = true,
                },
            },
            workDoneProgress = true,
        },
        workspace = {
            applyEdit = true,
            codeLens = {
                refreshSupport = true,
            },
            configuration = true,
            diagnostics = {
                refreshSupport = true,
            },
            didChangeConfiguration = {
                dynamicRegistration = true,
            },
            didChangeWatchedFiles = {
                dynamicRegistration = true,
                relativePatternSupport = true,
            },
            executeCommand = {
                dynamicRegistration = true,
            },
            fileOperations = {
                didCreate = true,
                didDelete = true,
                didRename = true,
                dynamicRegistration = true,
                willCreate = true,
                willDelete = true,
                willRename = true,
            },
            inlayHint = {
                refreshSupport = true,
            },
            inlineValue = {
                refreshSupport = true,
            },
            semanticTokens = {
                refreshSupport = true,
            },
            symbol = {
                dynamicRegistration = true,
                resolveSupport = {
                    properties = {
                        [1] = "location.range",
                    },
                },
                symbolKind = {
                    valueSet = {
                        [01] = 1,
                        [02] = 2,
                        [03] = 3,
                        [04] = 4,
                        [05] = 5,
                        [06] = 6,
                        [07] = 7,
                        [08] = 8,
                        [09] = 9,
                        [10] = 10,
                        [11] = 11,
                        [12] = 12,
                        [13] = 13,
                        [14] = 14,
                        [15] = 15,
                        [16] = 16,
                        [17] = 17,
                        [18] = 18,
                        [19] = 19,
                        [20] = 20,
                        [21] = 21,
                        [22] = 22,
                        [23] = 23,
                        [24] = 24,
                        [25] = 25,
                        [26] = 26,
                    },
                },
                tagSupport = {
                    valueSet = {
                        [1] = 1,
                    },
                },
            },
            workspaceEdit = {
                changeAnnotationSupport = {
                    groupsOnLabel = true,
                },
                documentChanges = true,
                failureHandling = "textOnlyTransactional",
                normalizesLineEndings = true,
                resourceOperations = {
                    [1] = "create",
                    [2] = "rename",
                    [3] = "delete",
                },
            },
        },
    },
    clientInfo = {
        name = "Visual Studio Code",
        version = "1.102.3",
    },
    locale = "de",
    processId = 40505,
    rootPath = "/Users/alanalo/Documents/kloa",
    rootUri = "file:///Users/alanalo/Documents/kloa",
    trace = "off",
    workDoneToken = "04b95026-c8d2-49f5-ad27-d6bbe0712a66",
    workspaceFolders = {
        [1] = {
            name = "kloa",
            uri = "file:///Users/alanalo/Documents/kloa",
        },
    },
}
[00:45:42.042][info] [#0:script/language.lua:135]: VSC language: de
[00:45:42.042][info] [#0:script/language.lua:136]: LS  language: en-us
[00:45:42.042][info] [#0:script/workspace/workspace.lua:32]: Workspace inited: 	file:///Users/alanalo/Documents/kloa
[00:45:42.042][info] [#0:script/workspace/workspace.lua:39]: Log path: 	.vscode/roblox-lsp.log,--loglevel=information/file_Users_alanalo_Documents_kloa.log
[00:45:44.894][debug][#0:script/provider/provider.lua:295]: didOpen	file:///Users/alanalo/Documents/kloa/src/client/controllers/CameraController.lua
[00:45:45.322][debug][#0:script/provider/provider.lua:295]: didOpen	file:///Users/alanalo/Documents/kloa/src/shared/SegmentSpawner.lua
[00:45:45.342][debug][#0:script/provider/provider.lua:295]: didOpen	file:///Users/alanalo/Documents/kloa/src/shared/SubwaySurfersGameplay.lua
[00:45:46.027][debug][#0:script/provider/provider.lua:295]: didOpen	file:///Users/alanalo/Documents/kloa/src/client/modules/AudioController.lua
[00:45:46.073][debug][#0:script/provider/provider.lua:295]: didOpen	file:///Users/alanalo/Documents/kloa/src/client/modules/EffectsController.lua
[00:45:46.463][debug][#0:script/provider/provider.lua:295]: didOpen	file:///Users/alanalo/Documents/kloa/src/server/GameCoordinator.lua
[00:45:46.477][debug][#0:script/provider/provider.lua:295]: didOpen	file:///Users/alanalo/Documents/kloa/src/shared/GameConstants.lua
[00:45:46.486][debug][#0:script/provider/provider.lua:295]: didOpen	file:///Users/alanalo/Documents/kloa/src/shared/TypeDefinitions.lua
[00:45:46.500][error][#0:script/config.lua:265]: script/config.lua:265: bad argument #1 to 'for iterator' (table expected, got boolean)
stack traceback:
	script/config.lua:265: in function <script/config.lua:263>
	[C]: in function 'xpcall'
	script/config.lua:263: in function 'config.setConfig'
	script/provider/provider.lua:66: in upvalue 'updateConfig'
	script/provider/provider.lua:147: in function <script/provider/provider.lua:144>
	[C]: in function 'xpcall'
	script/proto/proto.lua:143: in function <script/proto/proto.lua:122>
[00:45:46.501][debug][#0:script/provider/completion.lua:26]: Enable completion.
[00:45:46.516][debug][#0:script/provider/semantic-tokens.lua:32]: Enable semantic tokens.
[00:45:49.209][debug][#0:script/provider/semantic-tokens.lua:111]: Refresh semantic tokens.
[00:45:49.209][debug][#0:script/proto/proto.lua:131]: Method [initialized] takes [1.715]sec.
[00:45:49.209][debug][#0:script/proto/proto.lua:131]: Method [textDocument/didOpen] takes [1.712]sec.
[00:45:49.209][info] [#0:script/workspace/workspace.lua:302]: Preload start.
[00:45:49.209][info] [#0:script/workspace/workspace.lua:82]: Ignore directory:	1
[00:45:49.209][info] [#0:script/workspace/workspace.lua:82]: Ignore directory:	2
[00:45:49.211][debug][#0:script/proto/proto.lua:131]: Method [textDocument/didOpen] takes [1.712]sec.
[00:45:49.211][info] [#0:script/workspace/workspace.lua:110]: Ignore by .gitignore:	*.rbxl
[00:45:49.211][info] [#0:script/workspace/workspace.lua:110]: Ignore by .gitignore:	*.rbxlx
[00:45:49.211][info] [#0:script/workspace/workspace.lua:110]: Ignore by .gitignore:	*.rbxm
[00:45:49.212][info] [#0:script/workspace/workspace.lua:110]: Ignore by .gitignore:	build/
[00:45:49.212][info] [#0:script/workspace/workspace.lua:110]: Ignore by .gitignore:	.vscode/roblox-lsp.log
[00:45:49.212][info] [#0:script/workspace/workspace.lua:110]: Ignore by .gitignore:	node_modules/
[00:45:49.212][info] [#0:script/workspace/workspace.lua:110]: Ignore by .gitignore:	npm-debug.log*
[00:45:49.212][info] [#0:script/workspace/workspace.lua:110]: Ignore by .gitignore:	.DS_Store
[00:45:49.212][info] [#0:script/workspace/workspace.lua:110]: Ignore by .gitignore:	Thumbs.db
[00:45:49.212][info] [#0:script/workspace/workspace.lua:110]: Ignore by .gitignore:	Packages/
[00:45:49.212][debug][#0:script/proto/proto.lua:131]: Method [textDocument/didOpen] takes [1.712]sec.
[00:45:49.212][debug][#0:script/proto/proto.lua:131]: Method [textDocument/didOpen] takes [1.711]sec.
[00:45:49.213][info] [#0:script/workspace/workspace.lua:312]: Scan files at:	/Users/alanalo/Documents/kloa
[00:45:49.216][debug][#0:script/proto/proto.lua:131]: Method [textDocument/didOpen] takes [1.713]sec.
[00:45:49.216][debug][#0:script/proto/proto.lua:131]: Method [textDocument/didOpen] takes [1.712]sec.
[00:45:49.216][debug][#0:script/proto/proto.lua:131]: Method [textDocument/didOpen] takes [1.711]sec.
[00:45:49.216][info] [#0:script/workspace/workspace.lua:233]: Preload file at: file:///Users/alanalo/Documents/kloa/src/client/controllers/PlayerController.client.lua , size = 18.168 KB
[00:45:49.216][debug][#0:script/proto/proto.lua:131]: Method [textDocument/didOpen] takes [1.711]sec.
[00:45:49.216][info] [#0:script/workspace/workspace.lua:233]: Preload file at: file:///Users/alanalo/Documents/kloa/src/client/controllers/CameraController.lua , size = 7.629 KB
[00:45:49.217][info] [#0:script/workspace/workspace.lua:233]: Preload file at: file:///Users/alanalo/Documents/kloa/src/client/controllers/EnhancedPlayerController.client.lua , size = 14.702 KB
[00:45:49.217][info] [#0:script/workspace/workspace.lua:233]: Preload file at: file:///Users/alanalo/Documents/kloa/src/client/modules/AudioController.lua , size = 8.371 KB
[00:45:49.217][info] [#0:script/workspace/workspace.lua:233]: Preload file at: file:///Users/alanalo/Documents/kloa/src/client/modules/InputHandler.lua , size = 5.873 KB
[00:45:49.218][info] [#0:script/workspace/workspace.lua:233]: Preload file at: file:///Users/alanalo/Documents/kloa/src/client/modules/EffectsController.lua , size = 10.754 KB
[00:45:49.218][info] [#0:script/workspace/workspace.lua:233]: Preload file at: file:///Users/alanalo/Documents/kloa/src/client/EnhancedPlayerController.client.lua , size = 0.959 KB
[00:45:49.219][info] [#0:script/workspace/workspace.lua:233]: Preload file at: file:///Users/alanalo/Documents/kloa/src/client/ui/UIController.lua , size = 16.160 KB
[00:45:49.219][info] [#0:script/workspace/workspace.lua:233]: Preload file at: file:///Users/alanalo/Documents/kloa/src/shared/SegmentSpawner.lua , size = 17.994 KB
[00:45:49.219][info] [#0:script/workspace/workspace.lua:233]: Preload file at: file:///Users/alanalo/Documents/kloa/src/shared/GameConfig.lua , size = 2.488 KB
[00:45:49.223][info] [#0:script/workspace/workspace.lua:233]: Preload file at: file:///Users/alanalo/Documents/kloa/src/shared/TypeDefinitions.lua , size = 1.503 KB
[00:45:49.226][info] [#0:script/workspace/workspace.lua:233]: Preload file at: file:///Users/alanalo/Documents/kloa/src/shared/GameConstants.lua , size = 1.363 KB
[00:45:49.227][info] [#0:script/workspace/workspace.lua:233]: Preload file at: file:///Users/alanalo/Documents/kloa/src/shared/ObjectPool.lua , size = 3.921 KB
[00:45:49.229][info] [#0:script/workspace/workspace.lua:233]: Preload file at: file:///Users/alanalo/Documents/kloa/src/shared/SubwaySurfersGameplay.lua , size = 7.211 KB
[00:45:49.229][info] [#0:script/workspace/workspace.lua:233]: Preload file at: file:///Users/alanalo/Documents/kloa/src/shared/GameState.lua , size = 2.610 KB
[00:45:49.229][info] [#0:script/workspace/workspace.lua:233]: Preload file at: file:///Users/alanalo/Documents/kloa/src/server/services/PlayerService.server.lua , size = 0.634 KB
[00:45:49.231][info] [#0:script/workspace/workspace.lua:233]: Preload file at: file:///Users/alanalo/Documents/kloa/src/server/GameLoopManager.lua , size = 19.892 KB
[00:45:49.231][info] [#0:script/workspace/workspace.lua:233]: Preload file at: file:///Users/alanalo/Documents/kloa/src/server/DynamicWorldGenerator.lua , size = 14.992 KB
[00:45:49.231][info] [#0:script/workspace/workspace.lua:233]: Preload file at: file:///Users/alanalo/Documents/kloa/src/server/ObstacleService.lua , size = 14.335 KB
[00:45:49.232][info] [#0:script/workspace/workspace.lua:233]: Preload file at: file:///Users/alanalo/Documents/kloa/src/server/GameCoordinator.lua , size = 9.720 KB
[00:45:49.232][info] [#0:script/workspace/workspace.lua:233]: Preload file at: file:///Users/alanalo/Documents/kloa/src/server/ScoreService.lua , size = 6.325 KB
[00:45:49.239][info] [#0:script/workspace/workspace.lua:233]: Preload file at: file:///Users/alanalo/Documents/kloa/src/server/WorldBuilder.lua , size = 9.545 KB
[00:45:49.240][info] [#0:script/workspace/workspace.lua:233]: Preload file at: file:///Users/alanalo/Documents/kloa/src/server/ServiceInitializer.server.lua , size = 3.747 KB
[00:45:49.241][info] [#0:script/workspace/workspace.lua:233]: Preload file at: file:///Users/alanalo/Documents/kloa/src/server/PowerUpService.lua , size = 15.047 KB
[00:45:49.241][info] [#0:script/workspace/workspace.lua:233]: Preload file at: file:///Users/alanalo/Documents/kloa/src/server/RemoteEventsService.lua , size = 2.339 KB
[00:45:49.241][info] [#0:script/workspace/workspace.lua:233]: Preload file at: file:///Users/alanalo/Documents/kloa/src/server/PlayerDataService.lua , size = 2.593 KB
[00:45:49.241][info] [#0:script/workspace/workspace.lua:233]: Preload file at: file:///Users/alanalo/Documents/kloa/src/server/SubwaySurfersLauncher.server.lua , size = 0.850 KB
[00:45:49.247][info] [#0:script/workspace/workspace.lua:233]: Preload file at: file:///Users/alanalo/Documents/kloa/UpdatedService.module.lua , size = 0.000 KB
[00:45:49.310][info] [#0:script/workspace/workspace.lua:315]: Found 28 files.
[00:45:49.310][info] [#0:script/workspace/workspace.lua:317]: Loaded 28/28 files
[00:45:49.310][info] [#0:script/workspace/workspace.lua:326]: Preload finish.
[00:45:51.239][debug][#0:script/provider/diagnostic.lua:228]: publishDiagnostics	file:///Users/alanalo/Documents/kloa/src/client/modules/AudioController.lua	1
[00:45:51.427][debug][#0:script/provider/diagnostic.lua:228]: publishDiagnostics	file:///Users/alanalo/Documents/kloa/src/server/GameCoordinator.lua	4
[00:45:51.821][debug][#0:script/provider/diagnostic.lua:228]: publishDiagnostics	file:///Users/alanalo/Documents/kloa/src/client/modules/EffectsController.lua	1
[00:45:52.106][debug][#0:script/provider/diagnostic.lua:228]: publishDiagnostics	file:///Users/alanalo/Documents/kloa/src/shared/SegmentSpawner.lua	2
[00:45:52.397][debug][#0:script/provider/diagnostic.lua:228]: publishDiagnostics	file:///Users/alanalo/Documents/kloa/src/client/controllers/CameraController.lua	2
[00:45:52.577][warn] [#0:script/await.lua:167]: Await step takes [0.108] sec.
[00:45:52.816][debug][#0:script/provider/diagnostic.lua:386]: 全文诊断耗时：	1.583815
[00:46:14.423][error][#0:script/config.lua:265]: script/config.lua:265: bad argument #1 to 'for iterator' (table expected, got boolean)
stack traceback:
	script/config.lua:265: in function <script/config.lua:263>
	[C]: in function 'xpcall'
	script/config.lua:263: in function 'config.setConfig'
	script/provider/provider.lua:66: in upvalue 'updateConfig'
	script/provider/provider.lua:199: in function <script/provider/provider.lua:198>
	[C]: in function 'xpcall'
	script/proto/proto.lua:143: in function <script/proto/proto.lua:122>
[00:46:26.046][error][#0:script/config.lua:265]: script/config.lua:265: bad argument #1 to 'for iterator' (table expected, got boolean)
stack traceback:
	script/config.lua:265: in function <script/config.lua:263>
	[C]: in function 'xpcall'
	script/config.lua:263: in function 'config.setConfig'
	script/provider/provider.lua:66: in upvalue 'updateConfig'
	script/provider/provider.lua:199: in function <script/provider/provider.lua:198>
	[C]: in function 'xpcall'
	script/proto/proto.lua:143: in function <script/proto/proto.lua:122>
[00:46:26.123][error][#0:script/config.lua:265]: script/config.lua:265: bad argument #1 to 'for iterator' (table expected, got boolean)
stack traceback:
	script/config.lua:265: in function <script/config.lua:263>
	[C]: in function 'xpcall'
	script/config.lua:263: in function 'config.setConfig'
	script/provider/provider.lua:66: in upvalue 'updateConfig'
	script/provider/provider.lua:199: in function <script/provider/provider.lua:198>
	[C]: in function 'xpcall'
	script/proto/proto.lua:143: in function <script/proto/proto.lua:122>
[00:46:42.301][debug][#0:script/service/service.lua:136]: 
========= Medical Examination Report =========
    --------------- Memory ---------------
        Total: 62.733 MB
        # 00 : 55.710 MB
        # 01 : 1.823 MB
        # 02 : 1.699 MB
        # 03 : 1.802 MB
        # 04 : 1.699 MB
    --------------- Coroutine ---------------
        Total:     13
        Running:   0
        Suspended: 0
        Normal:    0
        Dead:      13
    --------------- Cache ---------------
        Total: 1
        Dead:  0
    --------------- Proto ---------------
        Holdon:   0
        Waiting:  0
==============================================
[00:47:42.539][debug][#0:script/service/service.lua:136]: 
========= Medical Examination Report =========
    --------------- Memory ---------------
        Total: 63.061 MB
        # 00 : 56.038 MB
        # 01 : 1.823 MB
        # 02 : 1.699 MB
        # 03 : 1.802 MB
        # 04 : 1.699 MB
    --------------- Coroutine ---------------
        Total:     13
        Running:   0
        Suspended: 0
        Normal:    0
        Dead:      13
    --------------- Cache ---------------
        Total: 1
        Dead:  0
    --------------- Proto ---------------
        Holdon:   0
        Waiting:  0
==============================================
[00:48:41.827][debug][#0:script/service/service.lua:136]: 
========= Medical Examination Report =========
    --------------- Memory ---------------
        Total: 63.402 MB
        # 00 : 56.379 MB
        # 01 : 1.823 MB
        # 02 : 1.699 MB
        # 03 : 1.802 MB
        # 04 : 1.699 MB
    --------------- Coroutine ---------------
        Total:     17
        Running:   0
        Suspended: 0
        Normal:    0
        Dead:      17
    --------------- Cache ---------------
        Total: 1
        Dead:  0
    --------------- Proto ---------------
        Holdon:   0
        Waiting:  0
==============================================
[00:49:42.067][debug][#0:script/service/service.lua:136]: 
========= Medical Examination Report =========
    --------------- Memory ---------------
        Total: 63.731 MB
        # 00 : 56.708 MB
        # 01 : 1.823 MB
        # 02 : 1.699 MB
        # 03 : 1.802 MB
        # 04 : 1.699 MB
    --------------- Coroutine ---------------
        Total:     17
        Running:   0
        Suspended: 0
        Normal:    0
        Dead:      17
    --------------- Cache ---------------
        Total: 1
        Dead:  0
    --------------- Proto ---------------
        Holdon:   0
        Waiting:  0
==============================================
[00:50:31.897][debug][#0:script/provider/provider.lua:307]: didClose	file:///Users/alanalo/Documents/kloa/src/client/controllers/CameraController.lua
[00:50:31.898][debug][#0:script/provider/provider.lua:307]: didClose	file:///Users/alanalo/Documents/kloa/src/shared/SegmentSpawner.lua
[00:50:31.898][debug][#0:script/provider/provider.lua:307]: didClose	file:///Users/alanalo/Documents/kloa/src/shared/SubwaySurfersGameplay.lua
[00:50:31.898][debug][#0:script/provider/provider.lua:307]: didClose	file:///Users/alanalo/Documents/kloa/src/client/modules/AudioController.lua
[00:50:31.898][debug][#0:script/provider/provider.lua:307]: didClose	file:///Users/alanalo/Documents/kloa/src/client/modules/EffectsController.lua
[00:50:31.907][debug][#0:script/provider/provider.lua:307]: didClose	file:///Users/alanalo/Documents/kloa/src/server/GameCoordinator.lua
[00:50:31.907][debug][#0:script/provider/provider.lua:307]: didClose	file:///Users/alanalo/Documents/kloa/src/shared/GameConstants.lua
[00:50:31.909][debug][#0:script/provider/provider.lua:307]: didClose	file:///Users/alanalo/Documents/kloa/src/shared/TypeDefinitions.lua
[00:50:42.299][debug][#0:script/service/service.lua:136]: 
========= Medical Examination Report =========
    --------------- Memory ---------------
        Total: 64.137 MB
        # 00 : 57.114 MB
        # 01 : 1.823 MB
        # 02 : 1.699 MB
        # 03 : 1.802 MB
        # 04 : 1.699 MB
    --------------- Coroutine ---------------
        Total:     37
        Running:   0
        Suspended: 0
        Normal:    0
        Dead:      37
    --------------- Cache ---------------
        Total: 1
        Dead:  0
    --------------- Proto ---------------
        Holdon:   0
        Waiting:  0
==============================================
[00:51:42.546][debug][#0:script/service/service.lua:136]: 
========= Medical Examination Report =========
    --------------- Memory ---------------
        Total: 42.243 MB
        # 00 : 35.221 MB
        # 01 : 1.823 MB
        # 02 : 1.699 MB
        # 03 : 1.802 MB
        # 04 : 1.699 MB
    --------------- Coroutine ---------------
        Total:     2
        Running:   0
        Suspended: 0
        Normal:    0
        Dead:      2
    --------------- Cache ---------------
        Total: 1
        Dead:  0
    --------------- Proto ---------------
        Holdon:   0
        Waiting:  0
==============================================
[00:52:42.763][debug][#0:script/service/service.lua:136]: 
========= Medical Examination Report =========
    --------------- Memory ---------------
        Total: 42.572 MB
        # 00 : 35.550 MB
        # 01 : 1.823 MB
        # 02 : 1.699 MB
        # 03 : 1.802 MB
        # 04 : 1.699 MB
    --------------- Coroutine ---------------
        Total:     2
        Running:   0
        Suspended: 0
        Normal:    0
        Dead:      2
    --------------- Cache ---------------
        Total: 1
        Dead:  0
    --------------- Proto ---------------
        Holdon:   0
        Waiting:  0
==============================================
[00:53:41.991][debug][#0:script/service/service.lua:136]: 
========= Medical Examination Report =========
    --------------- Memory ---------------
        Total: 42.905 MB
        # 00 : 35.883 MB
        # 01 : 1.823 MB
        # 02 : 1.699 MB
        # 03 : 1.802 MB
        # 04 : 1.699 MB
    --------------- Coroutine ---------------
        Total:     4
        Running:   0
        Suspended: 0
        Normal:    0
        Dead:      4
    --------------- Cache ---------------
        Total: 1
        Dead:  0
    --------------- Proto ---------------
        Holdon:   0
        Waiting:  0
==============================================
[00:54:42.219][debug][#0:script/service/service.lua:136]: 
========= Medical Examination Report =========
    --------------- Memory ---------------
        Total: 43.232 MB
        # 00 : 36.210 MB
        # 01 : 1.823 MB
        # 02 : 1.699 MB
        # 03 : 1.802 MB
        # 04 : 1.699 MB
    --------------- Coroutine ---------------
        Total:     4
        Running:   0
        Suspended: 0
        Normal:    0
        Dead:      4
    --------------- Cache ---------------
        Total: 1
        Dead:  0
    --------------- Proto ---------------
        Holdon:   0
        Waiting:  0
==============================================
[00:55:42.452][debug][#0:script/service/service.lua:136]: 
========= Medical Examination Report =========
    --------------- Memory ---------------
        Total: 43.561 MB
        # 00 : 36.538 MB
        # 01 : 1.823 MB
        # 02 : 1.699 MB
        # 03 : 1.802 MB
        # 04 : 1.699 MB
    --------------- Coroutine ---------------
        Total:     4
        Running:   0
        Suspended: 0
        Normal:    0
        Dead:      4
    --------------- Cache ---------------
        Total: 1
        Dead:  0
    --------------- Proto ---------------
        Holdon:   0
        Waiting:  0
==============================================
[00:56:42.680][debug][#0:script/service/service.lua:136]: 
========= Medical Examination Report =========
    --------------- Memory ---------------
        Total: 43.896 MB
        # 00 : 36.873 MB
        # 01 : 1.823 MB
        # 02 : 1.699 MB
        # 03 : 1.802 MB
        # 04 : 1.699 MB
    --------------- Coroutine ---------------
        Total:     6
        Running:   0
        Suspended: 0
        Normal:    0
        Dead:      6
    --------------- Cache ---------------
        Total: 1
        Dead:  0
    --------------- Proto ---------------
        Holdon:   0
        Waiting:  0
==============================================
[00:56:49.354][error][#0:script/config.lua:265]: script/config.lua:265: bad argument #1 to 'for iterator' (table expected, got boolean)
stack traceback:
	script/config.lua:265: in function <script/config.lua:263>
	[C]: in function 'xpcall'
	script/config.lua:263: in function 'config.setConfig'
	script/provider/provider.lua:66: in upvalue 'updateConfig'
	script/provider/provider.lua:199: in function <script/provider/provider.lua:198>
	[C]: in function 'xpcall'
	script/proto/proto.lua:143: in function <script/proto/proto.lua:122>
[00:57:07.499][error][#0:script/config.lua:265]: script/config.lua:265: bad argument #1 to 'for iterator' (table expected, got boolean)
stack traceback:
	script/config.lua:265: in function <script/config.lua:263>
	[C]: in function 'xpcall'
	script/config.lua:263: in function 'config.setConfig'
	script/provider/provider.lua:66: in upvalue 'updateConfig'
	script/provider/provider.lua:199: in function <script/provider/provider.lua:198>
	[C]: in function 'xpcall'
	script/proto/proto.lua:143: in function <script/proto/proto.lua:122>
[00:57:07.713][error][#0:script/config.lua:265]: script/config.lua:265: bad argument #1 to 'for iterator' (table expected, got boolean)
stack traceback:
	script/config.lua:265: in function <script/config.lua:263>
	[C]: in function 'xpcall'
	script/config.lua:263: in function 'config.setConfig'
	script/provider/provider.lua:66: in upvalue 'updateConfig'
	script/provider/provider.lua:199: in function <script/provider/provider.lua:198>
	[C]: in function 'xpcall'
	script/proto/proto.lua:143: in function <script/proto/proto.lua:122>
[00:57:41.955][debug][#0:script/service/service.lua:136]: 
========= Medical Examination Report =========
    --------------- Memory ---------------
        Total: 44.358 MB
        # 00 : 37.336 MB
        # 01 : 1.823 MB
        # 02 : 1.699 MB
        # 03 : 1.802 MB
        # 04 : 1.699 MB
    --------------- Coroutine ---------------
        Total:     26
        Running:   0
        Suspended: 0
        Normal:    0
        Dead:      26
    --------------- Cache ---------------
        Total: 1
        Dead:  0
    --------------- Proto ---------------
        Holdon:   0
        Waiting:  0
==============================================
[00:58:42.188][debug][#0:script/service/service.lua:136]: 
========= Medical Examination Report =========
    --------------- Memory ---------------
        Total: 44.692 MB
        # 00 : 37.669 MB
        # 01 : 1.823 MB
        # 02 : 1.699 MB
        # 03 : 1.802 MB
        # 04 : 1.699 MB
    --------------- Coroutine ---------------
        Total:     28
        Running:   0
        Suspended: 0
        Normal:    0
        Dead:      28
    --------------- Cache ---------------
        Total: 1
        Dead:  0
    --------------- Proto ---------------
        Holdon:   0
        Waiting:  0
==============================================
[00:59:31.857][error][#0:script/config.lua:265]: script/config.lua:265: bad argument #1 to 'for iterator' (table expected, got boolean)
stack traceback:
	script/config.lua:265: in function <script/config.lua:263>
	[C]: in function 'xpcall'
	script/config.lua:263: in function 'config.setConfig'
	script/provider/provider.lua:66: in upvalue 'updateConfig'
	script/provider/provider.lua:199: in function <script/provider/provider.lua:198>
	[C]: in function 'xpcall'
	script/proto/proto.lua:143: in function <script/proto/proto.lua:122>
[00:59:42.004][debug][#0:script/service/service.lua:136]: 
========= Medical Examination Report =========
    --------------- Memory ---------------
        Total: 45.063 MB
        # 00 : 38.041 MB
        # 01 : 1.823 MB
        # 02 : 1.699 MB
        # 03 : 1.802 MB
        # 04 : 1.699 MB
    --------------- Coroutine ---------------
        Total:     35
        Running:   0
        Suspended: 0
        Normal:    0
        Dead:      35
    --------------- Cache ---------------
        Total: 1
        Dead:  0
    --------------- Proto ---------------
        Holdon:   0
        Waiting:  0
==============================================
[00:59:42.008][error][#0:script/config.lua:265]: script/config.lua:265: bad argument #1 to 'for iterator' (table expected, got boolean)
stack traceback:
	script/config.lua:265: in function <script/config.lua:263>
	[C]: in function 'xpcall'
	script/config.lua:263: in function 'config.setConfig'
	script/provider/provider.lua:66: in upvalue 'updateConfig'
	script/provider/provider.lua:199: in function <script/provider/provider.lua:198>
	[C]: in function 'xpcall'
	script/proto/proto.lua:143: in function <script/proto/proto.lua:122>
[01:00:42.660][debug][#0:script/service/service.lua:136]: 
========= Medical Examination Report =========
    --------------- Memory ---------------
        Total: 45.458 MB
        # 00 : 38.435 MB
        # 01 : 1.823 MB
        # 02 : 1.699 MB
        # 03 : 1.802 MB
        # 04 : 1.699 MB
    --------------- Coroutine ---------------
        Total:     48
        Running:   0
        Suspended: 0
        Normal:    0
        Dead:      48
    --------------- Cache ---------------
        Total: 1
        Dead:  0
    --------------- Proto ---------------
        Holdon:   0
        Waiting:  0
==============================================
[01:01:41.999][debug][#0:script/service/service.lua:136]: 
========= Medical Examination Report =========
    --------------- Memory ---------------
        Total: 45.804 MB
        # 00 : 38.782 MB
        # 01 : 1.823 MB
        # 02 : 1.699 MB
        # 03 : 1.802 MB
        # 04 : 1.699 MB
    --------------- Coroutine ---------------
        Total:     54
        Running:   0
        Suspended: 0
        Normal:    0
        Dead:      54
    --------------- Cache ---------------
        Total: 1
        Dead:  0
    --------------- Proto ---------------
        Holdon:   0
        Waiting:  0
==============================================
[01:02:31.541][debug][#0:script/provider/provider.lua:295]: didOpen	file:///Users/alanalo/Documents/kloa/src/shared/SubwaySurfersGameplay.lua
[01:02:42.305][debug][#0:script/service/service.lua:136]: 
========= Medical Examination Report =========
    --------------- Memory ---------------
        Total: 49.157 MB
        # 00 : 42.134 MB
        # 01 : 1.823 MB
        # 02 : 1.699 MB
        # 03 : 1.802 MB
        # 04 : 1.699 MB
    --------------- Coroutine ---------------
        Total:     73
        Running:   0
        Suspended: 0
        Normal:    0
        Dead:      73
    --------------- Cache ---------------
        Total: 1
        Dead:  0
    --------------- Proto ---------------
        Holdon:   0
        Waiting:  0
==============================================
[01:03:42.542][debug][#0:script/service/service.lua:136]: 
========= Medical Examination Report =========
    --------------- Memory ---------------
        Total: 49.522 MB
        # 00 : 42.499 MB
        # 01 : 1.823 MB
        # 02 : 1.699 MB
        # 03 : 1.802 MB
        # 04 : 1.699 MB
    --------------- Coroutine ---------------
        Total:     83
        Running:   0
        Suspended: 0
        Normal:    0
        Dead:      83
    --------------- Cache ---------------
        Total: 1
        Dead:  0
    --------------- Proto ---------------
        Holdon:   0
        Waiting:  0
==============================================
[01:04:42.768][debug][#0:script/service/service.lua:136]: 
========= Medical Examination Report =========
    --------------- Memory ---------------
        Total: 50.089 MB
        # 00 : 43.066 MB
        # 01 : 1.823 MB
        # 02 : 1.699 MB
        # 03 : 1.802 MB
        # 04 : 1.699 MB
    --------------- Coroutine ---------------
        Total:     87
        Running:   0
        Suspended: 0
        Normal:    0
        Dead:      87
    --------------- Cache ---------------
        Total: 2
        Dead:  1
    --------------- Proto ---------------
        Holdon:   0
        Waiting:  0
==============================================
[01:04:44.398][debug][#0:script/provider/provider.lua:307]: didClose	file:///Users/alanalo/Documents/kloa/src/shared/SubwaySurfersGameplay.lua
[01:04:54.478][debug][#0:script/provider/provider.lua:295]: didOpen	file:///Users/alanalo/Documents/kloa/src/shared/SubwaySurfersGameplay.lua
[01:04:59.919][debug][#0:script/provider/provider.lua:295]: didOpen	file:///Users/alanalo/Documents/kloa/src/client/ui/UIController.lua
[01:05:06.059][debug][#0:script/provider/provider.lua:295]: didOpen	file:///Users/alanalo/Documents/kloa/src/shared/GameConfig.lua
[01:05:41.986][debug][#0:script/service/service.lua:136]: 
========= Medical Examination Report =========
    --------------- Memory ---------------
        Total: 59.508 MB
        # 00 : 52.485 MB
        # 01 : 1.823 MB
        # 02 : 1.699 MB
        # 03 : 1.802 MB
        # 04 : 1.699 MB
    --------------- Coroutine ---------------
        Total:     122
        Running:   0
        Suspended: 0
        Normal:    0
        Dead:      122
    --------------- Cache ---------------
        Total: 2
        Dead:  1
    --------------- Proto ---------------
        Holdon:   0
        Waiting:  0
==============================================
[01:05:42.420][debug][#0:script/provider/provider.lua:307]: didClose	file:///Users/alanalo/Documents/kloa/src/client/ui/UIController.lua
[01:06:42.216][debug][#0:script/service/service.lua:136]: 
========= Medical Examination Report =========
    --------------- Memory ---------------
        Total: 59.872 MB
        # 00 : 52.849 MB
        # 01 : 1.823 MB
        # 02 : 1.699 MB
        # 03 : 1.802 MB
        # 04 : 1.699 MB
    --------------- Coroutine ---------------
        Total:     132
        Running:   0
        Suspended: 0
        Normal:    0
        Dead:      132
    --------------- Cache ---------------
        Total: 2
        Dead:  1
    --------------- Proto ---------------
        Holdon:   0
        Waiting:  0
==============================================
[01:07:42.455][debug][#0:script/service/service.lua:136]: 
========= Medical Examination Report =========
    --------------- Memory ---------------
        Total: 60.216 MB
        # 00 : 53.194 MB
        # 01 : 1.823 MB
        # 02 : 1.699 MB
        # 03 : 1.802 MB
        # 04 : 1.699 MB
    --------------- Coroutine ---------------
        Total:     138
        Running:   0
        Suspended: 0
        Normal:    0
        Dead:      138
    --------------- Cache ---------------
        Total: 2
        Dead:  1
    --------------- Proto ---------------
        Holdon:   0
        Waiting:  0
==============================================
[01:07:54.476][debug][#0:script/provider/provider.lua:307]: didClose	file:///Users/alanalo/Documents/kloa/src/shared/SubwaySurfersGameplay.lua
[01:08:06.058][debug][#0:script/provider/provider.lua:307]: didClose	file:///Users/alanalo/Documents/kloa/src/shared/GameConfig.lua
[01:08:42.686][debug][#0:script/service/service.lua:136]: 
========= Medical Examination Report =========
    --------------- Memory ---------------
        Total: 60.567 MB
        # 00 : 53.545 MB
        # 01 : 1.823 MB
        # 02 : 1.699 MB
        # 03 : 1.802 MB
        # 04 : 1.699 MB
    --------------- Coroutine ---------------
        Total:     144
        Running:   0
        Suspended: 0
        Normal:    0
        Dead:      144
    --------------- Cache ---------------
        Total: 2
        Dead:  1
    --------------- Proto ---------------
        Holdon:   0
        Waiting:  0
==============================================
[01:09:41.901][debug][#0:script/service/service.lua:136]: 
========= Medical Examination Report =========
    --------------- Memory ---------------
        Total: 60.900 MB
        # 00 : 53.878 MB
        # 01 : 1.823 MB
        # 02 : 1.699 MB
        # 03 : 1.802 MB
        # 04 : 1.699 MB
    --------------- Coroutine ---------------
        Total:     146
        Running:   0
        Suspended: 0
        Normal:    0
        Dead:      146
    --------------- Cache ---------------
        Total: 2
        Dead:  1
    --------------- Proto ---------------
        Holdon:   0
        Waiting:  0
==============================================
[01:10:42.235][debug][#0:script/service/service.lua:136]: 
========= Medical Examination Report =========
    --------------- Memory ---------------
        Total: 42.460 MB
        # 00 : 35.437 MB
        # 01 : 1.823 MB
        # 02 : 1.699 MB
        # 03 : 1.802 MB
        # 04 : 1.699 MB
    --------------- Coroutine ---------------
        Total:     0
        Running:   0
        Suspended: 0
        Normal:    0
        Dead:      0
    --------------- Cache ---------------
        Total: 1
        Dead:  0
    --------------- Proto ---------------
        Holdon:   0
        Waiting:  0
==============================================
[01:11:00.434][error][#0:script/config.lua:265]: script/config.lua:265: bad argument #1 to 'for iterator' (table expected, got boolean)
stack traceback:
	script/config.lua:265: in function <script/config.lua:263>
	[C]: in function 'xpcall'
	script/config.lua:263: in function 'config.setConfig'
	script/provider/provider.lua:66: in upvalue 'updateConfig'
	script/provider/provider.lua:199: in function <script/provider/provider.lua:198>
	[C]: in function 'xpcall'
	script/proto/proto.lua:143: in function <script/proto/proto.lua:122>
[01:11:42.513][debug][#0:script/service/service.lua:136]: 
========= Medical Examination Report =========
    --------------- Memory ---------------
        Total: 42.831 MB
        # 00 : 35.809 MB
        # 01 : 1.823 MB
        # 02 : 1.699 MB
        # 03 : 1.802 MB
        # 04 : 1.699 MB
    --------------- Coroutine ---------------
        Total:     6
        Running:   0
        Suspended: 0
        Normal:    0
        Dead:      6
    --------------- Cache ---------------
        Total: 1
        Dead:  0
    --------------- Proto ---------------
        Holdon:   0
        Waiting:  0
==============================================
[01:12:42.725][debug][#0:script/service/service.lua:136]: 
========= Medical Examination Report =========
    --------------- Memory ---------------
        Total: 43.165 MB
        # 00 : 36.142 MB
        # 01 : 1.823 MB
        # 02 : 1.699 MB
        # 03 : 1.802 MB
        # 04 : 1.699 MB
    --------------- Coroutine ---------------
        Total:     8
        Running:   0
        Suspended: 0
        Normal:    0
        Dead:      8
    --------------- Cache ---------------
        Total: 1
        Dead:  0
    --------------- Proto ---------------
        Holdon:   0
        Waiting:  0
==============================================
[01:13:41.959][debug][#0:script/service/service.lua:136]: 
========= Medical Examination Report =========
    --------------- Memory ---------------
        Total: 43.492 MB
        # 00 : 36.469 MB
        # 01 : 1.823 MB
        # 02 : 1.699 MB
        # 03 : 1.802 MB
        # 04 : 1.699 MB
    --------------- Coroutine ---------------
        Total:     8
        Running:   0
        Suspended: 0
        Normal:    0
        Dead:      8
    --------------- Cache ---------------
        Total: 1
        Dead:  0
    --------------- Proto ---------------
        Holdon:   0
        Waiting:  0
==============================================
[01:14:42.204][debug][#0:script/service/service.lua:136]: 
========= Medical Examination Report =========
    --------------- Memory ---------------
        Total: 43.826 MB
        # 00 : 36.804 MB
        # 01 : 1.823 MB
        # 02 : 1.699 MB
        # 03 : 1.802 MB
        # 04 : 1.699 MB
    --------------- Coroutine ---------------
        Total:     10
        Running:   0
        Suspended: 0
        Normal:    0
        Dead:      10
    --------------- Cache ---------------
        Total: 1
        Dead:  0
    --------------- Proto ---------------
        Holdon:   0
        Waiting:  0
==============================================
[01:15:42.449][debug][#0:script/service/service.lua:136]: 
========= Medical Examination Report =========
    --------------- Memory ---------------
        Total: 44.153 MB
        # 00 : 37.131 MB
        # 01 : 1.823 MB
        # 02 : 1.699 MB
        # 03 : 1.802 MB
        # 04 : 1.699 MB
    --------------- Coroutine ---------------
        Total:     10
        Running:   0
        Suspended: 0
        Normal:    0
        Dead:      10
    --------------- Cache ---------------
        Total: 1
        Dead:  0
    --------------- Proto ---------------
        Holdon:   0
        Waiting:  0
==============================================
[01:16:42.683][debug][#0:script/service/service.lua:136]: 
========= Medical Examination Report =========
    --------------- Memory ---------------
        Total: 44.486 MB
        # 00 : 37.464 MB
        # 01 : 1.823 MB
        # 02 : 1.699 MB
        # 03 : 1.802 MB
        # 04 : 1.699 MB
    --------------- Coroutine ---------------
        Total:     12
        Running:   0
        Suspended: 0
        Normal:    0
        Dead:      12
    --------------- Cache ---------------
        Total: 1
        Dead:  0
    --------------- Proto ---------------
        Holdon:   0
        Waiting:  0
==============================================
